[debug] [2025-04-03T14:15:35.485Z] ----------------------------------------------------------------------
[debug] [2025-04-03T14:15:35.490Z] Command:       /usr/local/bin/node /usr/local/bin/firebase init functions
[debug] [2025-04-03T14:15:35.491Z] CLI Version:   13.3.0
[debug] [2025-04-03T14:15:35.491Z] Platform:      darwin
[debug] [2025-04-03T14:15:35.491Z] Node Version:  v22.14.0
[debug] [2025-04-03T14:15:35.492Z] Time:          Thu Apr 03 2025 15:15:35 GMT+0100 (British Summer Time)
[debug] [2025-04-03T14:15:35.492Z] ----------------------------------------------------------------------
[debug] 
[debug] [2025-04-03T14:15:35.501Z] > command requires scopes: ["email","openid","https://www.googleapis.com/auth/cloudplatformprojects.readonly","https://www.googleapis.com/auth/firebase","https://www.googleapis.com/auth/cloud-platform"]
[debug] [2025-04-03T14:15:35.501Z] > authorizing via signed-in user (namgyalnorbu08@gmail.com)
[info] 
     ######## #### ########  ######## ########     ###     ######  ########
     ##        ##  ##     ## ##       ##     ##  ##   ##  ##       ##
     ######    ##  ########  ######   ########  #########  ######  ######
     ##        ##  ##    ##  ##       ##     ## ##     ##       ## ##
     ##       #### ##     ## ######## ########  ##     ##  ######  ########

You're about to initialize a Firebase project in this directory:

  /Users/namgyalnorbu/basketball_ai_project/backend

[info] 
=== Project Setup
[info] 
[info] First, let's associate this project directory with a Firebase project.
[info] You can create multiple project aliases by running firebase use --add, 
[info] but for now we'll just set up a default project.
[info] 
[debug] [2025-04-03T14:15:41.769Z] > refreshing access token with scopes: []
[debug] [2025-04-03T14:15:41.772Z] >>> [apiv2][query] POST https://www.googleapis.com/oauth2/v3/token [none]
[debug] [2025-04-03T14:15:41.772Z] >>> [apiv2][body] POST https://www.googleapis.com/oauth2/v3/token [omitted]
[debug] [2025-04-03T14:15:42.228Z] <<< [apiv2][status] POST https://www.googleapis.com/oauth2/v3/token 400
[debug] [2025-04-03T14:15:42.228Z] <<< [apiv2][body] POST https://www.googleapis.com/oauth2/v3/token [omitted]
[debug] [2025-04-03T14:15:42.229Z] >>> [apiv2][query] GET https://firebase.googleapis.com/v1beta1/projects pageSize=100
[debug] [2025-04-03T14:15:42.377Z] <<< [apiv2][status] GET https://firebase.googleapis.com/v1beta1/projects 401
[debug] [2025-04-03T14:15:42.377Z] <<< [apiv2][body] GET https://firebase.googleapis.com/v1beta1/projects [omitted]
[debug] [2025-04-03T14:15:42.378Z] HTTP Error: 401, Request had invalid authentication credentials. Expected OAuth 2 access token, login cookie or other valid authentication credential. See https://developers.google.com/identity/sign-in/web/devconsole-project.
[debug] [2025-04-03T14:15:42.380Z] FirebaseError: HTTP Error: 401, Request had invalid authentication credentials. Expected OAuth 2 access token, login cookie or other valid authentication credential. See https://developers.google.com/identity/sign-in/web/devconsole-project.
    at responseToError (/usr/local/lib/node_modules/firebase-tools/lib/responseToError.js:49:12)
    at RetryOperation._fn (/usr/local/lib/node_modules/firebase-tools/lib/apiv2.js:292:77)
    at process.processTicksAndRejections (node:internal/process/task_queues:105:5)
[error] 
[error] Error: Failed to list Firebase projects. See firebase-debug.log for more info.
